<?xml version="1.0" encoding="UTF-8"?>
<!-- Generated by org.testng.reporters.JUnitReportReporter -->
<testsuite hostname="MSI" failures="0" tests="2" name="QAAcedemy.EcommerceDemo.Tests.OrderTests" time="18.882" errors="0" timestamp="2025-04-24T21:46:49 IST" skipped="0">
  <testcase classname="QAAcedemy.EcommerceDemo.Tests.OrderTests" name="eCommerceOrder" time="10.237"/>
  <system-out/>
  <testcase classname="QAAcedemy.EcommerceDemo.Tests.OrderTests" name="eCommerceOrder" time="8.645"/>
  <system-out/>
</testsuite> <!-- QAAcedemy.EcommerceDemo.Tests.OrderTests -->
