<?xml version="1.0" encoding="UTF-8"?>
<!-- Generated by org.testng.reporters.JUnitReportReporter -->
<testsuite hostname="MSI" failures="0" tests="1" name="QAAcedemy.EcommerceDemo.Tests.OrderSuccessTest" time="8.989" errors="0" timestamp="2025-03-19T00:28:00 IST" skipped="0">
  <testcase classname="QAAcedemy.EcommerceDemo.Tests.OrderSuccessTest" name="eCommerceOrder" time="8.989"/>
  <system-out/>
</testsuite> <!-- QAAcedemy.EcommerceDemo.Tests.OrderSuccessTest -->
