<?xml version="1.0" encoding="UTF-8"?>
<!-- Generated by org.testng.reporters.JUnitReportReporter -->
<testsuite hostname="MSI" failures="0" tests="2" name="QAAcedemy.EcommerceDemo.Tests.OrderTests" time="16.157" errors="0" timestamp="2025-05-24T21:19:40 IST" skipped="0">
  <testcase classname="QAAcedemy.EcommerceDemo.Tests.OrderTests" name="eCommerceOrder" time="8.130"/>
  <system-out/>
  <testcase classname="QAAcedemy.EcommerceDemo.Tests.OrderTests" name="eCommerceOrder" time="8.027"/>
  <system-out/>
</testsuite> <!-- QAAcedemy.EcommerceDemo.Tests.OrderTests -->
