<?xml version="1.0" encoding="UTF-8"?>
<!-- Generated by org.testng.reporters.JUnitReportReporter -->
<testsuite hostname="MSI" failures="0" tests="2" name="QAAcedemy.EcommerceDemo.Tests.ErrorValidationTests" time="6.099" errors="0" timestamp="2025-03-19T20:29:54 IST" skipped="0">
  <testcase classname="QAAcedemy.EcommerceDemo.Tests.ErrorValidationTests" name="incorrectEmail" time="1.713"/>
  <system-out/>
  <testcase classname="QAAcedemy.EcommerceDemo.Tests.ErrorValidationTests" name="invalidLogin" time="4.386"/>
  <system-out/>
</testsuite> <!-- QAAcedemy.EcommerceDemo.Tests.ErrorValidationTests -->
